11:07:17.553[INFO ][main]cn.ssc.blockchain.BlockChainImpl - credentials loaded
11:07:17.690[INFO ][main]cn.ssc.blockchain.BlockChainImpl - contract loaded
11:07:17.829[DEBUG][main]org.web3j.protocol.http.HttpService - --> POST https://rinkeby.infura.io/v3/e60d62c680504106ab45f809ad4bb36b http/1.1
11:07:17.829[DEBUG][main]org.web3j.protocol.http.HttpService - Content-Type: application/json; charset=utf-8
11:07:17.829[DEBUG][main]org.web3j.protocol.http.HttpService - Content-Length: 125
11:07:17.830[DEBUG][main]org.web3j.protocol.http.HttpService - 
11:07:17.831[DEBUG][main]org.web3j.protocol.http.HttpService - {"jsonrpc":"2.0","method":"eth_getTransactionCount","params":["0xb6060daeb3a0fd0afee80aed0e64126f3528150b","pending"],"id":0}
11:07:17.832[DEBUG][main]org.web3j.protocol.http.HttpService - --> END POST (125-byte body)
11:07:18.991[DEBUG][main]org.web3j.protocol.http.HttpService - <-- 200 OK https://rinkeby.infura.io/v3/e60d62c680504106ab45f809ad4bb36b (1158ms)
11:07:18.991[DEBUG][main]org.web3j.protocol.http.HttpService - Date: Mon, 17 Dec 2018 03:07:14 GMT
11:07:18.992[DEBUG][main]org.web3j.protocol.http.HttpService - Content-Type: application/json
11:07:18.992[DEBUG][main]org.web3j.protocol.http.HttpService - Content-Length: 41
11:07:18.992[DEBUG][main]org.web3j.protocol.http.HttpService - Connection: keep-alive
11:07:18.992[DEBUG][main]org.web3j.protocol.http.HttpService - Vary: Origin
11:07:18.992[DEBUG][main]org.web3j.protocol.http.HttpService - 
11:07:18.992[DEBUG][main]org.web3j.protocol.http.HttpService - {"jsonrpc":"2.0","id":0,"result":"0x31f"}
11:07:18.992[DEBUG][main]org.web3j.protocol.http.HttpService - <-- END HTTP (41-byte body)
11:07:19.019[DEBUG][main]org.web3j.protocol.http.HttpService - --> POST https://rinkeby.infura.io/v3/e60d62c680504106ab45f809ad4bb36b http/1.1
11:07:19.019[DEBUG][main]org.web3j.protocol.http.HttpService - Content-Type: application/json; charset=utf-8
11:07:19.019[DEBUG][main]org.web3j.protocol.http.HttpService - Content-Length: 1000
11:07:19.019[DEBUG][main]org.web3j.protocol.http.HttpService - 
11:07:19.019[DEBUG][main]org.web3j.protocol.http.HttpService - {"jsonrpc":"2.0","method":"eth_sendRawTransaction","params":["0xf901cc82031f84b2d05e00830493e094c41cc72ea84d117a096f938b807657722bd7738c80b9016439e73b50000000000000000000000000cf855242b880f4a92fc077b068f3c094c70f2c3f000000000000000000000000000000000000000000000000000000000000008000000000000000000000000000000000000000000000000000000000000000c00000000000000000000000000000000000000000000000000000000000000100000000000000000000000000000000000000000000000000000000000000000832303138303731330000000000000000000000000000000000000000000000000000000000000000000000000000000000000000000000000000000000000011457468657265756d436f6e6e6563746f72000000000000000000000000000000000000000000000000000000000000000000000000000000000000000000002a307862363036306461656233613066443041664565383061454430653634313236463335323831353062000000000000000000000000000000000000000000001ca05927a0af44bc477a3dfe67917488e05da1690f0a242e8b3ade80e5589a9e1c27a02d9a6717738e0bf8a58045be1775a6cedd298d0148b991fb60be65e272914163"],"id":1}
11:07:19.019[DEBUG][main]org.web3j.protocol.http.HttpService - --> END POST (1000-byte body)
11:07:19.235[DEBUG][main]org.web3j.protocol.http.HttpService - <-- 200 OK https://rinkeby.infura.io/v3/e60d62c680504106ab45f809ad4bb36b (215ms)
11:07:19.235[DEBUG][main]org.web3j.protocol.http.HttpService - Date: Mon, 17 Dec 2018 03:07:14 GMT
11:07:19.235[DEBUG][main]org.web3j.protocol.http.HttpService - Content-Type: application/json
11:07:19.235[DEBUG][main]org.web3j.protocol.http.HttpService - Content-Length: 102
11:07:19.235[DEBUG][main]org.web3j.protocol.http.HttpService - Connection: keep-alive
11:07:19.235[DEBUG][main]org.web3j.protocol.http.HttpService - Vary: Origin
11:07:19.235[DEBUG][main]org.web3j.protocol.http.HttpService - 
11:07:19.235[DEBUG][main]org.web3j.protocol.http.HttpService - {"jsonrpc":"2.0","id":1,"result":"0x8c11d326a31542c04c555a5669b7035fec8f2ec53135561e7753d039b309b90b"}
11:07:19.235[DEBUG][main]org.web3j.protocol.http.HttpService - <-- END HTTP (102-byte body)
11:07:19.237[DEBUG][main]org.web3j.protocol.http.HttpService - --> POST https://rinkeby.infura.io/v3/e60d62c680504106ab45f809ad4bb36b http/1.1
11:07:19.237[DEBUG][main]org.web3j.protocol.http.HttpService - Content-Type: application/json; charset=utf-8
11:07:19.237[DEBUG][main]org.web3j.protocol.http.HttpService - Content-Length: 141
11:07:19.237[DEBUG][main]org.web3j.protocol.http.HttpService - 
11:07:19.237[DEBUG][main]org.web3j.protocol.http.HttpService - {"jsonrpc":"2.0","method":"eth_getTransactionReceipt","params":["0x8c11d326a31542c04c555a5669b7035fec8f2ec53135561e7753d039b309b90b"],"id":2}
11:07:19.237[DEBUG][main]org.web3j.protocol.http.HttpService - --> END POST (141-byte body)
11:07:19.440[DEBUG][main]org.web3j.protocol.http.HttpService - <-- 200 OK https://rinkeby.infura.io/v3/e60d62c680504106ab45f809ad4bb36b (202ms)
11:07:19.441[DEBUG][main]org.web3j.protocol.http.HttpService - Date: Mon, 17 Dec 2018 03:07:15 GMT
11:07:19.441[DEBUG][main]org.web3j.protocol.http.HttpService - Content-Type: application/json
11:07:19.441[DEBUG][main]org.web3j.protocol.http.HttpService - Content-Length: 38
11:07:19.441[DEBUG][main]org.web3j.protocol.http.HttpService - Connection: keep-alive
11:07:19.441[DEBUG][main]org.web3j.protocol.http.HttpService - Vary: Origin
11:07:19.441[DEBUG][main]org.web3j.protocol.http.HttpService - 
11:07:19.441[DEBUG][main]org.web3j.protocol.http.HttpService - {"jsonrpc":"2.0","id":2,"result":null}
11:07:19.442[DEBUG][main]org.web3j.protocol.http.HttpService - <-- END HTTP (38-byte body)
11:07:25.464[DEBUG][main]org.web3j.protocol.http.HttpService - --> POST https://rinkeby.infura.io/v3/e60d62c680504106ab45f809ad4bb36b http/1.1
11:07:25.464[DEBUG][main]org.web3j.protocol.http.HttpService - Content-Type: application/json; charset=utf-8
11:07:25.464[DEBUG][main]org.web3j.protocol.http.HttpService - Content-Length: 141
11:07:25.464[DEBUG][main]org.web3j.protocol.http.HttpService - 
11:07:25.464[DEBUG][main]org.web3j.protocol.http.HttpService - {"jsonrpc":"2.0","method":"eth_getTransactionReceipt","params":["0x8c11d326a31542c04c555a5669b7035fec8f2ec53135561e7753d039b309b90b"],"id":3}
11:07:25.464[DEBUG][main]org.web3j.protocol.http.HttpService - --> END POST (141-byte body)
11:07:25.669[DEBUG][main]org.web3j.protocol.http.HttpService - <-- 200 OK https://rinkeby.infura.io/v3/e60d62c680504106ab45f809ad4bb36b (204ms)
11:07:25.669[DEBUG][main]org.web3j.protocol.http.HttpService - Date: Mon, 17 Dec 2018 03:07:21 GMT
11:07:25.669[DEBUG][main]org.web3j.protocol.http.HttpService - Content-Type: application/json
11:07:25.669[DEBUG][main]org.web3j.protocol.http.HttpService - Content-Length: 38
11:07:25.669[DEBUG][main]org.web3j.protocol.http.HttpService - Connection: keep-alive
11:07:25.669[DEBUG][main]org.web3j.protocol.http.HttpService - Vary: Origin
11:07:25.669[DEBUG][main]org.web3j.protocol.http.HttpService - 
11:07:25.669[DEBUG][main]org.web3j.protocol.http.HttpService - {"jsonrpc":"2.0","id":3,"result":null}
11:07:25.681[DEBUG][main]org.web3j.protocol.http.HttpService - <-- END HTTP (38-byte body)
11:07:31.681[DEBUG][main]org.web3j.protocol.http.HttpService - --> POST https://rinkeby.infura.io/v3/e60d62c680504106ab45f809ad4bb36b http/1.1
11:07:31.681[DEBUG][main]org.web3j.protocol.http.HttpService - Content-Type: application/json; charset=utf-8
11:07:31.681[DEBUG][main]org.web3j.protocol.http.HttpService - Content-Length: 141
11:07:31.681[DEBUG][main]org.web3j.protocol.http.HttpService - 
11:07:31.681[DEBUG][main]org.web3j.protocol.http.HttpService - {"jsonrpc":"2.0","method":"eth_getTransactionReceipt","params":["0x8c11d326a31542c04c555a5669b7035fec8f2ec53135561e7753d039b309b90b"],"id":4}
11:07:31.681[DEBUG][main]org.web3j.protocol.http.HttpService - --> END POST (141-byte body)
11:07:31.885[DEBUG][main]org.web3j.protocol.http.HttpService - <-- 200 OK https://rinkeby.infura.io/v3/e60d62c680504106ab45f809ad4bb36b (203ms)
11:07:31.885[DEBUG][main]org.web3j.protocol.http.HttpService - Date: Mon, 17 Dec 2018 03:07:27 GMT
11:07:31.885[DEBUG][main]org.web3j.protocol.http.HttpService - Content-Type: application/json
11:07:31.885[DEBUG][main]org.web3j.protocol.http.HttpService - Content-Length: 38
11:07:31.885[DEBUG][main]org.web3j.protocol.http.HttpService - Connection: keep-alive
11:07:31.885[DEBUG][main]org.web3j.protocol.http.HttpService - Vary: Origin
11:07:31.886[DEBUG][main]org.web3j.protocol.http.HttpService - 
11:07:31.886[DEBUG][main]org.web3j.protocol.http.HttpService - {"jsonrpc":"2.0","id":4,"result":null}
11:07:31.886[DEBUG][main]org.web3j.protocol.http.HttpService - <-- END HTTP (38-byte body)
11:07:37.886[DEBUG][main]org.web3j.protocol.http.HttpService - --> POST https://rinkeby.infura.io/v3/e60d62c680504106ab45f809ad4bb36b http/1.1
11:07:37.886[DEBUG][main]org.web3j.protocol.http.HttpService - Content-Type: application/json; charset=utf-8
11:07:37.887[DEBUG][main]org.web3j.protocol.http.HttpService - Content-Length: 141
11:07:37.887[DEBUG][main]org.web3j.protocol.http.HttpService - 
11:07:37.887[DEBUG][main]org.web3j.protocol.http.HttpService - {"jsonrpc":"2.0","method":"eth_getTransactionReceipt","params":["0x8c11d326a31542c04c555a5669b7035fec8f2ec53135561e7753d039b309b90b"],"id":5}
11:07:37.887[DEBUG][main]org.web3j.protocol.http.HttpService - --> END POST (141-byte body)
11:07:38.091[DEBUG][main]org.web3j.protocol.http.HttpService - <-- 200 OK https://rinkeby.infura.io/v3/e60d62c680504106ab45f809ad4bb36b (203ms)
11:07:38.091[DEBUG][main]org.web3j.protocol.http.HttpService - Date: Mon, 17 Dec 2018 03:07:33 GMT
11:07:38.091[DEBUG][main]org.web3j.protocol.http.HttpService - Content-Type: application/json
11:07:38.091[DEBUG][main]org.web3j.protocol.http.HttpService - Content-Length: 1963
11:07:38.091[DEBUG][main]org.web3j.protocol.http.HttpService - Connection: keep-alive
11:07:38.091[DEBUG][main]org.web3j.protocol.http.HttpService - Vary: Origin
11:07:38.092[DEBUG][main]org.web3j.protocol.http.HttpService - 
11:07:38.092[DEBUG][main]org.web3j.protocol.http.HttpService - {"jsonrpc":"2.0","id":5,"result":{"blockHash":"0x7e3b4d2ab15aec3ada56caef2b00c8b93aafb6fe109b0404142f7ae084b07d34","blockNumber":"0x35ccbc","contractAddress":null,"cumulativeGasUsed":"0x2a59a5","from":"0xb6060daeb3a0fd0afee80aed0e64126f3528150b","gasUsed":"0x7fc6","logs":[{"address":"0xc41cc72ea84d117a096f938b807657722bd7738c","blockHash":"0x7e3b4d2ab15aec3ada56caef2b00c8b93aafb6fe109b0404142f7ae084b07d34","blockNumber":"0x35ccbc","data":"0x000000000000000000000000cf855242b880f4a92fc077b068f3c094c70f2c3f000000000000000000000000000000000000000000000000000000000000008000000000000000000000000000000000000000000000000000000000000000a800000000000000000000000000000000000000000000000000000000000000d9000000000000000000000000000000000000000000000000000000000000000832303138303731330000000000000000000000000000000000000000000000000000000000000011457468657265756d436f6e6e6563746f72000000000000000000000000000000000000000000000000000000000000002a307862363036306461656233613066443041664565383061454430653634313236463335323831353062","logIndex":"0x3","removed":false,"topics":["0x28e91938c3f0447434d5a1d706a57ae75020f24e16ac65951db62a749d469503"],"transactionHash":"0x8c11d326a31542c04c555a5669b7035fec8f2ec53135561e7753d039b309b90b","transactionIndex":"0x3"}],"logsBloom":"0x00000000000000000000000000000000000000000000400000002000000000020000000000000000000000000000000000000000000000000000000000000040000000000000000000000000000000000000000000000000000000000000000000000000000000000000000000000000000000000000000000000000000000000000000000000000000000000000000000000000000000000000000001000000000000000008000000000000000000000000000000000000000000000000000000000000000000000000000000000000000000000000000000000000000000000000000000000000000000000000000000000000000000000000000000000000","status":"0x1","to":"0xc41cc72ea84d117a096f938b807657722bd7738c","transactionHash":"0x8c11d326a31542c04c555a5669b7035fec8f2ec53135561e7753d039b309b90b","transactionIndex":"0x3"}}
11:07:38.092[DEBUG][main]org.web3j.protocol.http.HttpService - <-- END HTTP (1963-byte body)
11:07:38.092[DEBUG][main]cn.ssc.blockchain.BlockChainImplTest - publishProject: 0x8c11d326a31542c04c555a5669b7035fec8f2ec53135561e7753d039b309b90b
